  [1m[36mScooter Load (31.5ms)[0m  [1m[34mSELECT  "scooters".* FROM "scooters" ORDER BY "scooters"."id" ASC LIMIT $1[0m  [["LIMIT", 1]]
  [1m[35m (0.6ms)[0m  [1m[35mBEGIN[0m
  [1m[36mTransition Create (0.8ms)[0m  [1m[32mINSERT INTO "transitions" ("from", "to", "event", "battery", "scooter_id", "created_at", "updated_at") VALUES ($1, $2, $3, $4, $5, $6, $7) RETURNING "id"[0m  [["from", "unlocked"], ["to", "locked"], ["event", "lock!"], ["battery", 100], ["scooter_id", 1], ["created_at", "2020-01-31 08:17:48.914799"], ["updated_at", "2020-01-31 08:17:48.914799"]]
  [1m[36mScooter Update (0.6ms)[0m  [1m[33mUPDATE "scooters" SET "state" = $1, "updated_at" = $2 WHERE "scooters"."id" = $3[0m  [["state", "locked"], ["updated_at", "2020-01-31 08:17:48.918930"], ["id", 1]]
  [1m[35m (3.4ms)[0m  [1m[35mCOMMIT[0m
  [1m[36mScooter Load (0.5ms)[0m  [1m[34mSELECT  "scooters".* FROM "scooters" WHERE "scooters"."id" = $1 LIMIT $2[0m  [["id", 1], ["LIMIT", 1]]
  [1m[35m (1.1ms)[0m  [1m[35mBEGIN[0m
  [1m[36mTransition Create (1.4ms)[0m  [1m[32mINSERT INTO "transitions" ("from", "to", "event", "battery", "scooter_id", "created_at", "updated_at") VALUES ($1, $2, $3, $4, $5, $6, $7) RETURNING "id"[0m  [["from", "locked"], ["to", "updating"], ["event", "update_data!"], ["battery", 100], ["scooter_id", 1], ["created_at", "2020-01-31 08:18:02.886598"], ["updated_at", "2020-01-31 08:18:02.886598"]]
  [1m[35m (0.3ms)[0m  [1m[31mROLLBACK[0m
  [1m[36mScooter Load (1.8ms)[0m  [1m[34mSELECT  "scooters".* FROM "scooters" WHERE "scooters"."id" = $1 LIMIT $2[0m  [["id", 1], ["LIMIT", 1]]
  [1m[35m (0.3ms)[0m  [1m[35mBEGIN[0m
  [1m[36mTransition Create (0.6ms)[0m  [1m[32mINSERT INTO "transitions" ("from", "to", "event", "battery", "scooter_id", "created_at", "updated_at") VALUES ($1, $2, $3, $4, $5, $6, $7) RETURNING "id"[0m  [["from", "locked"], ["to", "updating"], ["event", "update_data!"], ["battery", 100], ["scooter_id", 1], ["created_at", "2020-01-31 08:19:48.728704"], ["updated_at", "2020-01-31 08:19:48.728704"]]
  [1m[35m (0.4ms)[0m  [1m[31mROLLBACK[0m
  [1m[36mScooter Load (0.4ms)[0m  [1m[34mSELECT  "scooters".* FROM "scooters" ORDER BY "scooters"."id" ASC LIMIT $1[0m  [["LIMIT", 1]]
  [1m[36mScooter Load (1.8ms)[0m  [1m[34mSELECT  "scooters".* FROM "scooters" WHERE "scooters"."id" = $1 LIMIT $2[0m  [["id", 1], ["LIMIT", 1]]
  [1m[35m (0.3ms)[0m  [1m[35mBEGIN[0m
  [1m[36mTransition Create (0.6ms)[0m  [1m[32mINSERT INTO "transitions" ("from", "to", "event", "battery", "scooter_id", "created_at", "updated_at") VALUES ($1, $2, $3, $4, $5, $6, $7) RETURNING "id"[0m  [["from", "locked"], ["to", "updating"], ["event", "update_data!"], ["battery", 100], ["scooter_id", 1], ["created_at", "2020-01-31 08:19:57.203015"], ["updated_at", "2020-01-31 08:19:57.203015"]]
  [1m[35m (0.7ms)[0m  [1m[31mROLLBACK[0m
  [1m[36mScooter Load (0.4ms)[0m  [1m[34mSELECT  "scooters".* FROM "scooters" ORDER BY "scooters"."id" ASC LIMIT $1[0m  [["LIMIT", 1]]
  [1m[36mScooter Load (1.6ms)[0m  [1m[34mSELECT  "scooters".* FROM "scooters" WHERE "scooters"."id" = $1 LIMIT $2[0m  [["id", 1], ["LIMIT", 1]]
  [1m[35m (0.4ms)[0m  [1m[35mBEGIN[0m
  [1m[36mTransition Create (0.7ms)[0m  [1m[32mINSERT INTO "transitions" ("from", "to", "event", "battery", "scooter_id", "created_at", "updated_at") VALUES ($1, $2, $3, $4, $5, $6, $7) RETURNING "id"[0m  [["from", "locked"], ["to", "updating"], ["event", "update_data!"], ["battery", 100], ["scooter_id", 1], ["created_at", "2020-01-31 08:23:34.369280"], ["updated_at", "2020-01-31 08:23:34.369280"]]
  [1m[35m (0.4ms)[0m  [1m[35mSAVEPOINT active_record_1[0m
  [1m[35m (0.4ms)[0m  [1m[35mRELEASE SAVEPOINT active_record_1[0m
  [1m[36mScooter Update (0.6ms)[0m  [1m[33mUPDATE "scooters" SET "state" = $1, "updated_at" = $2 WHERE "scooters"."id" = $3[0m  [["state", "updating"], ["updated_at", "2020-01-31 08:23:34.374976"], ["id", 1]]
  [1m[35m (3.7ms)[0m  [1m[35mCOMMIT[0m
  [1m[36mScooter Load (36.1ms)[0m  [1m[34mSELECT  "scooters".* FROM "scooters" ORDER BY "scooters"."id" ASC LIMIT $1[0m  [["LIMIT", 1]]
  [1m[35m (0.6ms)[0m  [1m[35mBEGIN[0m
  [1m[36mTransition Create (0.8ms)[0m  [1m[32mINSERT INTO "transitions" ("from", "to", "event", "battery", "scooter_id", "created_at", "updated_at") VALUES ($1, $2, $3, $4, $5, $6, $7) RETURNING "id"[0m  [["from", "updating"], ["to", "locked"], ["event", "lock!"], ["battery", 100], ["scooter_id", 1], ["created_at", "2020-01-31 08:24:19.397971"], ["updated_at", "2020-01-31 08:24:19.397971"]]
  [1m[36mScooter Update (0.8ms)[0m  [1m[33mUPDATE "scooters" SET "state" = $1, "updated_at" = $2 WHERE "scooters"."id" = $3[0m  [["state", "locked"], ["updated_at", "2020-01-31 08:24:19.403344"], ["id", 1]]
  [1m[35m (1.7ms)[0m  [1m[35mCOMMIT[0m
  [1m[35m (0.6ms)[0m  [1m[35mBEGIN[0m
  [1m[36mTransition Create (0.5ms)[0m  [1m[32mINSERT INTO "transitions" ("from", "to", "event", "battery", "scooter_id", "created_at", "updated_at") VALUES ($1, $2, $3, $4, $5, $6, $7) RETURNING "id"[0m  [["from", "locked"], ["to", "updating"], ["event", "update_data"], ["battery", 100], ["scooter_id", 1], ["created_at", "2020-01-31 08:24:20.912264"], ["updated_at", "2020-01-31 08:24:20.912264"]]
  [1m[35m (1.1ms)[0m  [1m[35mCOMMIT[0m
  [1m[35m (0.4ms)[0m  [1m[35mBEGIN[0m
  [1m[35m (0.6ms)[0m  [1m[35mCOMMIT[0m
  [1m[36mScooter Load (4.4ms)[0m  [1m[34mSELECT  "scooters".* FROM "scooters" WHERE "scooters"."id" = $1 LIMIT $2[0m  [["id", 1], ["LIMIT", 1]]
  [1m[36mTransition Load (1.8ms)[0m  [1m[34mSELECT  "transitions".* FROM "transitions" WHERE "transitions"."scooter_id" = $1 LIMIT $2[0m  [["scooter_id", 1], ["LIMIT", 11]]
  [1m[36mTransition Load (1.0ms)[0m  [1m[34mSELECT "transitions".* FROM "transitions" WHERE "transitions"."scooter_id" = $1[0m  [["scooter_id", 1]]
